# JRE version: OpenJDK Runtime Environment (8.0_112-b06) (build 1.8.0_112-release-b06)
# Java VM: OpenJDK 64-Bit Server VM (25.112-b06 mixed mode linux-amd64 compressed oops)
Heap:
 PSYoungGen      total 318976K, used 51190K [0x00000000e0000000, 0x00000000f7780000, 0x0000000100000000)
  eden space 267776K, 0% used [0x00000000e0000000,0x00000000e0000000,0x00000000f0580000)
  from space 51200K, 99% used [0x00000000f0580000,0x00000000f377d9f8,0x00000000f3780000)
  to   space 40960K, 0% used [0x00000000f3780000,0x00000000f3780000,0x00000000f5f80000)
 ParOldGen       total 94208K, used 86304K [0x00000000a0000000, 0x00000000a5c00000, 0x00000000e0000000)
  object space 94208K, 91% used [0x00000000a0000000,0x00000000a5448180,0x00000000a5c00000)
 Metaspace       used 75641K, capacity 80352K, committed 80512K, reserved 1120256K
  class space    used 9587K, capacity 10323K, committed 10368K, reserved 1048576K
GC Heap History (10 events):
Event: 12008.845 GC heap after
Heap after GC invocations=25 (full 3):
 PSYoungGen      total 218112K, used 17896K [0x00000000e0000000, 0x00000000ef900000, 0x0000000100000000)
  eden space 196608K, 0% used [0x00000000e0000000,0x00000000e0000000,0x00000000ec000000)
  from space 21504K, 83% used [0x00000000ee400000,0x00000000ef57a0b8,0x00000000ef900000)
  to   space 29184K, 0% used [0x00000000ec000000,0x00000000ec000000,0x00000000edc80000)
 ParOldGen       total 94208K, used 42661K [0x00000000a0000000, 0x00000000a5c00000, 0x00000000e0000000)
  object space 94208K, 45% used [0x00000000a0000000,0x00000000a29a9700,0x00000000a5c00000)
 Metaspace       used 71726K, capacity 76298K, committed 76544K, reserved 1116160K
  class space    used 9244K, capacity 9942K, committed 9984K, reserved 1048576K
}
Event: 12009.071 GC heap before
{Heap before GC invocations=26 (full 3):
 PSYoungGen      total 218112K, used 214385K [0x00000000e0000000, 0x00000000ef900000, 0x0000000100000000)
  eden space 196608K, 99% used [0x00000000e0000000,0x00000000ebfe2480,0x00000000ec000000)
  from space 21504K, 83% used [0x00000000ee400000,0x00000000ef57a0b8,0x00000000ef900000)
  to   space 29184K, 0% used [0x00000000ec000000,0x00000000ec000000,0x00000000edc80000)
 ParOldGen       total 94208K, used 42661K [0x00000000a0000000, 0x00000000a5c00000, 0x00000000e0000000)
  object space 94208K, 45% used [0x00000000a0000000,0x00000000a29a9700,0x00000000a5c00000)
 Metaspace       used 71794K, capacity 76348K, committed 76544K, reserved 1116160K
  class space    used 9258K, capacity 9955K, committed 9984K, reserved 1048576K
Event: 12009.113 GC heap after
Heap after GC invocations=26 (full 3):
 PSYoungGen      total 225792K, used 14466K [0x00000000e0000000, 0x00000000f2300000, 0x0000000100000000)
  eden space 196608K, 0% used [0x00000000e0000000,0x00000000e0000000,0x00000000ec000000)
  from space 29184K, 49% used [0x00000000ec000000,0x00000000ece20b60,0x00000000edc80000)
  to   space 28160K, 0% used [0x00000000f0780000,0x00000000f0780000,0x00000000f2300000)
 ParOldGen       total 94208K, used 42669K [0x00000000a0000000, 0x00000000a5c00000, 0x00000000e0000000)
  object space 94208K, 45% used [0x00000000a0000000,0x00000000a29ab700,0x00000000a5c00000)
 Metaspace       used 71794K, capacity 76348K, committed 76544K, reserved 1116160K
  class space    used 9258K, capacity 9955K, committed 9984K, reserved 1048576K
}
Event: 12013.058 GC heap before
{Heap before GC invocations=27 (full 3):
 PSYoungGen      total 225792K, used 211074K [0x00000000e0000000, 0x00000000f2300000, 0x0000000100000000)
  eden space 196608K, 100% used [0x00000000e0000000,0x00000000ec000000,0x00000000ec000000)
  from space 29184K, 49% used [0x00000000ec000000,0x00000000ece20b60,0x00000000edc80000)
  to   space 28160K, 0% used [0x00000000f0780000,0x00000000f0780000,0x00000000f2300000)
 ParOldGen       total 94208K, used 42669K [0x00000000a0000000, 0x00000000a5c00000, 0x00000000e0000000)
  object space 94208K, 45% used [0x00000000a0000000,0x00000000a29ab700,0x00000000a5c00000)
 Metaspace       used 74719K, capacity 79416K, committed 79744K, reserved 1118208K
  class space    used 9565K, capacity 10289K, committed 10368K, reserved 1048576K
Event: 12013.211 GC heap after
Heap after GC invocations=27 (full 3):
 PSYoungGen      total 265216K, used 28154K [0x00000000e0000000, 0x00000000f2b80000, 0x0000000100000000)
  eden space 237056K, 0% used [0x00000000e0000000,0x00000000e0000000,0x00000000ee780000)
  from space 28160K, 99% used [0x00000000f0780000,0x00000000f22febf8,0x00000000f2300000)
  to   space 32768K, 0% used [0x00000000ee780000,0x00000000ee780000,0x00000000f0780000)
 ParOldGen       total 94208K, used 43029K [0x00000000a0000000, 0x00000000a5c00000, 0x00000000e0000000)
  object space 94208K, 45% used [0x00000000a0000000,0x00000000a2a05678,0x00000000a5c00000)
 Metaspace       used 74719K, capacity 79416K, committed 79744K, reserved 1118208K
  class space    used 9565K, capacity 10289K, committed 10368K, reserved 1048576K
}
Event: 12015.824 GC heap before
{Heap before GC invocations=28 (full 3):
 PSYoungGen      total 265216K, used 265210K [0x00000000e0000000, 0x00000000f2b80000, 0x0000000100000000)
  eden space 237056K, 100% used [0x00000000e0000000,0x00000000ee780000,0x00000000ee780000)
  from space 28160K, 99% used [0x00000000f0780000,0x00000000f22febf8,0x00000000f2300000)
  to   space 32768K, 0% used [0x00000000ee780000,0x00000000ee780000,0x00000000f0780000)
 ParOldGen       total 94208K, used 43029K [0x00000000a0000000, 0x00000000a5c00000, 0x00000000e0000000)
  object space 94208K, 45% used [0x00000000a0000000,0x00000000a2a05678,0x00000000a5c00000)
 Metaspace       used 75278K, capacity 80024K, committed 80256K, reserved 1120256K
  class space    used 9580K, capacity 10321K, committed 10368K, reserved 1048576K
Event: 12015.958 GC heap after
Heap after GC invocations=28 (full 3):
 PSYoungGen      total 269824K, used 32747K [0x00000000e0000000, 0x00000000f5f80000, 0x0000000100000000)
  eden space 237056K, 0% used [0x00000000e0000000,0x00000000e0000000,0x00000000ee780000)
  from space 32768K, 99% used [0x00000000ee780000,0x00000000f077acd8,0x00000000f0780000)
  to   space 40960K, 0% used [0x00000000f3780000,0x00000000f3780000,0x00000000f5f80000)
 ParOldGen       total 94208K, used 52528K [0x00000000a0000000, 0x00000000a5c00000, 0x00000000e0000000)
  object space 94208K, 55% used [0x00000000a0000000,0x00000000a334c3e0,0x00000000a5c00000)
 Metaspace       used 75278K, capacity 80024K, committed 80256K, reserved 1120256K
  class space    used 9580K, capacity 10321K, committed 10368K, reserved 1048576K
}
Event: 12017.788 GC heap before
{Heap before GC invocations=29 (full 3):
 PSYoungGen      total 269824K, used 269803K [0x00000000e0000000, 0x00000000f5f80000, 0x0000000100000000)
  eden space 237056K, 100% used [0x00000000e0000000,0x00000000ee780000,0x00000000ee780000)
  from space 32768K, 99% used [0x00000000ee780000,0x00000000f077acd8,0x00000000f0780000)
  to   space 40960K, 0% used [0x00000000f3780000,0x00000000f3780000,0x00000000f5f80000)
 ParOldGen       total 94208K, used 52528K [0x00000000a0000000, 0x00000000a5c00000, 0x00000000e0000000)
  object space 94208K, 55% used [0x00000000a0000000,0x00000000a334c3e0,0x00000000a5c00000)
 Metaspace       used 75550K, capacity 80288K, committed 80512K, reserved 1120256K
  class space    used 9587K, capacity 10323K, committed 10368K, reserved 1048576K
Event: 12017.971 GC heap after
Heap after GC invocations=29 (full 3):
 PSYoungGen      total 308736K, used 40953K [0x00000000e0000000, 0x00000000f7780000, 0x0000000100000000)
  eden space 267776K, 0% used [0x00000000e0000000,0x00000000e0000000,0x00000000f0580000)
  from space 40960K, 99% used [0x00000000f3780000,0x00000000f5f7e4c8,0x00000000f5f80000)
  to   space 51200K, 0% used [0x00000000f0580000,0x00000000f0580000,0x00000000f3780000)
 ParOldGen       total 94208K, used 61974K [0x00000000a0000000, 0x00000000a5c00000, 0x00000000e0000000)
  object space 94208K, 65% used [0x00000000a0000000,0x00000000a3c85838,0x00000000a5c00000)
 Metaspace       used 75550K, capacity 80288K, committed 80512K, reserved 1120256K
  class space    used 9587K, capacity 10323K, committed 10368K, reserved 1048576K
}
Event: 12019.316 GC heap before
{Heap before GC invocations=30 (full 3):
 PSYoungGen      total 308736K, used 308729K [0x00000000e0000000, 0x00000000f7780000, 0x0000000100000000)
  eden space 267776K, 100% used [0x00000000e0000000,0x00000000f0580000,0x00000000f0580000)
  from space 40960K, 99% used [0x00000000f3780000,0x00000000f5f7e4c8,0x00000000f5f80000)
  to   space 51200K, 0% used [0x00000000f0580000,0x00000000f0580000,0x00000000f3780000)
 ParOldGen       total 94208K, used 61974K [0x00000000a0000000, 0x00000000a5c00000, 0x00000000e0000000)
  object space 94208K, 65% used [0x00000000a0000000,0x00000000a3c85838,0x00000000a5c00000)
 Metaspace       used 75641K, capacity 80352K, committed 80512K, reserved 1120256K
  class space    used 9587K, capacity 10323K, committed 10368K, reserved 1048576K

